<?xml version="1.0" encoding="UTF-8"?>
<!-- Generated by org.testng.reporters.JUnitReportReporter -->
<testsuite hostname="DESKTOP-MII9V2V" failures="0" tests="2" name="SelTest.SelTest1" time="11.569" errors="0" timestamp="2020-11-09T09:32:13 EST" skipped="0">
  <testcase classname="SelTest.SelTest1" name="fromCity" time="7.756"/>
  <system-out/>
  <testcase classname="SelTest.SelTest1" name="toCity" time="3.813"/>
  <system-out/>
</testsuite> <!-- SelTest.SelTest1 -->
