<?xml version="1.0" encoding="UTF-8"?>
<!-- Generated by org.testng.reporters.JUnitReportReporter -->
<testsuite hostname="DESKTOP-MII9V2V" failures="0" tests="5" name="FacebookTest.firefoxFBtest" time="18.217" errors="0" timestamp="2020-10-29T19:52:50 EDT" skipped="0">
  <testcase classname="FacebookTest.firefoxFBtest" name="navigate" time="4.520"/>
  <system-out/>
  <testcase classname="FacebookTest.firefoxFBtest" name="pageTitle" time="0.016"/>
  <system-out/>
  <testcase classname="FacebookTest.firefoxFBtest" name="LoginTestxpath" time="6.886"/>
  <system-out/>
  <testcase classname="FacebookTest.firefoxFBtest" name="negLogin1" time="4.377"/>
  <system-out/>
  <testcase classname="FacebookTest.firefoxFBtest" name="negLogin2" time="2.418"/>
  <system-out/>
</testsuite> <!-- FacebookTest.firefoxFBtest -->
