<?xml version="1.0" encoding="UTF-8"?>
<!-- Generated by org.testng.reporters.JUnitReportReporter -->
<testsuite hostname="DESKTOP-MII9V2V" failures="0" tests="5" name="FacebookTest.edgeFBtest" time="15.648" errors="0" timestamp="2020-11-01T18:08:06 EST" skipped="0">
  <testcase classname="FacebookTest.edgeFBtest" name="navigate" time="2.230"/>
  <system-out/>
  <testcase classname="FacebookTest.edgeFBtest" name="pageTitle" time="0.022"/>
  <system-out/>
  <testcase classname="FacebookTest.edgeFBtest" name="LoginTestxpath" time="6.546"/>
  <system-out/>
  <testcase classname="FacebookTest.edgeFBtest" name="negLogin1" time="4.481"/>
  <system-out/>
  <testcase classname="FacebookTest.edgeFBtest" name="negLogin2" time="2.369"/>
  <system-out/>
</testsuite> <!-- FacebookTest.edgeFBtest -->
