<?xml version="1.0" encoding="UTF-8"?>
<!-- Generated by org.testng.reporters.JUnitReportReporter -->
<testsuite hostname="DESKTOP-MII9V2V" failures="0" tests="2" name="WebDriver.Test.firefoxtest" time="1.496" errors="0" timestamp="2020-10-27T12:14:50 EDT" skipped="0">
  <testcase classname="WebDriver.Test.firefoxtest" name="navigate" time="1.476"/>
  <system-out/>
  <testcase classname="WebDriver.Test.firefoxtest" name="pageTitle" time="0.020"/>
  <system-out/>
</testsuite> <!-- WebDriver.Test.firefoxtest -->
