<?xml version="1.0" encoding="UTF-8"?>
<!-- Generated by org.testng.reporters.JUnitReportReporter -->
<testsuite hostname="DESKTOP-MII9V2V" failures="0" tests="4" name="WebDriver.Test.chrometest" time="20.678" errors="0" timestamp="2020-11-02T20:48:59 EST" skipped="0">
  <testcase classname="WebDriver.Test.chrometest" name="navigate" time="1.512"/>
  <system-out/>
  <testcase classname="WebDriver.Test.chrometest" name="pageTitle" time="0.039"/>
  <system-out/>
  <testcase classname="WebDriver.Test.chrometest" name="clickImages" time="1.250"/>
  <system-out/>
  <testcase classname="WebDriver.Test.chrometest" name="navigateLinks" time="17.877"/>
  <system-out/>
</testsuite> <!-- WebDriver.Test.chrometest -->
