<?xml version="1.0" encoding="UTF-8"?>
<!-- Generated by org.testng.reporters.JUnitReportReporter -->
<testsuite hostname="DESKTOP-MII9V2V" failures="0" tests="2" name="WebDriver.Test.wdtest01" time="2.013" errors="0" timestamp="2020-10-27T08:09:43 EDT" skipped="0">
  <testcase classname="WebDriver.Test.wdtest01" name="navigate" time="1.957"/>
  <system-out/>
  <testcase classname="WebDriver.Test.wdtest01" name="pageTitle" time="0.056"/>
  <system-out/>
</testsuite> <!-- WebDriver.Test.wdtest01 -->
