<?xml version="1.0" encoding="UTF-8"?>
<!-- Generated by org.testng.reporters.JUnitReportReporter -->
<testsuite hostname="DESKTOP-MII9V2V" failures="0" tests="1" name="WebDriver.Test.wdtest01" time="2.413" errors="0" timestamp="2020-10-27T08:02:57 EDT" skipped="0">
  <testcase classname="WebDriver.Test.wdtest01" name="navigate" time="2.413"/>
  <system-out/>
</testsuite> <!-- WebDriver.Test.wdtest01 -->
