<?xml version="1.0" encoding="UTF-8"?>
<!-- Generated by org.testng.reporters.JUnitReportReporter -->
<testsuite hostname="DESKTOP-MII9V2V" failures="0" tests="2" name="WebDriver.Test.ietest" time="2.878" errors="0" timestamp="2020-10-27T13:17:08 EDT" skipped="0">
  <testcase classname="WebDriver.Test.ietest" name="pageTitle" time="0.024"/>
  <system-out/>
  <testcase classname="WebDriver.Test.ietest" name="navigate" time="2.854"/>
  <system-out/>
</testsuite> <!-- WebDriver.Test.ietest -->
