<?xml version="1.0" encoding="UTF-8"?>
<!-- Generated by org.testng.reporters.JUnitReportReporter -->
<testsuite hostname="DESKTOP-MII9V2V" failures="0" tests="5" name="FacebookTest.edgeFBtest" time="19.814" errors="0" timestamp="2020-11-01T19:54:07 EST" skipped="0">
  <testcase classname="FacebookTest.edgeFBtest" name="navigate" time="3.812"/>
  <system-out/>
  <testcase classname="FacebookTest.edgeFBtest" name="pageTitle" time="0.013"/>
  <system-out/>
  <testcase classname="FacebookTest.edgeFBtest" name="LoginTestxpath" time="9.016"/>
  <system-out/>
  <testcase classname="FacebookTest.edgeFBtest" name="negLogin1" time="4.592"/>
  <system-out/>
  <testcase classname="FacebookTest.edgeFBtest" name="negLogin2" time="2.381"/>
  <system-out/>
</testsuite> <!-- FacebookTest.edgeFBtest -->
