<?xml version="1.0" encoding="UTF-8"?>
<!-- Generated by org.testng.reporters.JUnitReportReporter -->
<testsuite hostname="DESKTOP-MII9V2V" failures="0" tests="5" name="FacebookTest.chromeFBtest" time="15.268" errors="0" timestamp="2020-11-01T19:54:07 EST" skipped="0">
  <testcase classname="FacebookTest.chromeFBtest" name="navigate" time="2.017"/>
  <system-out/>
  <testcase classname="FacebookTest.chromeFBtest" name="pageTitle" time="0.018"/>
  <system-out/>
  <testcase classname="FacebookTest.chromeFBtest" name="LoginTestxpath" time="6.327"/>
  <system-out/>
  <testcase classname="FacebookTest.chromeFBtest" name="negLogin1" time="4.527"/>
  <system-out/>
  <testcase classname="FacebookTest.chromeFBtest" name="negLogin2" time="2.379"/>
  <system-out/>
</testsuite> <!-- FacebookTest.chromeFBtest -->
