<?xml version="1.0" encoding="UTF-8"?>
<!-- Generated by org.testng.reporters.JUnitReportReporter -->
<testsuite hostname="DESKTOP-MII9V2V" failures="0" tests="2" name="WebDriver.Test.chrometest" time="2.771" errors="0" timestamp="2020-10-27T13:17:08 EDT" skipped="0">
  <testcase classname="WebDriver.Test.chrometest" name="pageTitle" time="0.056"/>
  <system-out/>
  <testcase classname="WebDriver.Test.chrometest" name="navigate" time="2.715"/>
  <system-out/>
</testsuite> <!-- WebDriver.Test.chrometest -->
