<?xml version="1.0" encoding="UTF-8"?>
<!-- Generated by org.testng.reporters.JUnitReportReporter -->
<testsuite hostname="DESKTOP-MII9V2V" failures="0" tests="5" name="FacebookTest.firefoxFBtest" time="16.909" errors="0" timestamp="2020-11-01T19:54:07 EST" skipped="0">
  <testcase classname="FacebookTest.firefoxFBtest" name="navigate" time="3.622"/>
  <system-out/>
  <testcase classname="FacebookTest.firefoxFBtest" name="pageTitle" time="0.068"/>
  <system-out/>
  <testcase classname="FacebookTest.firefoxFBtest" name="LoginTestxpath" time="6.595"/>
  <system-out/>
  <testcase classname="FacebookTest.firefoxFBtest" name="negLogin1" time="4.289"/>
  <system-out/>
  <testcase classname="FacebookTest.firefoxFBtest" name="negLogin2" time="2.335"/>
  <system-out/>
</testsuite> <!-- FacebookTest.firefoxFBtest -->
