<?xml version="1.0" encoding="UTF-8"?>
<!-- Generated by org.testng.reporters.JUnitReportReporter -->
<testsuite hostname="DESKTOP-MII9V2V" failures="0" tests="2" name="WebDriver.Test.firefoxtest" time="1.670" errors="0" timestamp="2020-10-27T13:17:08 EDT" skipped="0">
  <testcase classname="WebDriver.Test.firefoxtest" name="navigate" time="1.606"/>
  <system-out/>
  <testcase classname="WebDriver.Test.firefoxtest" name="pageTitle" time="0.064"/>
  <system-out/>
</testsuite> <!-- WebDriver.Test.firefoxtest -->
